#
# A fatal error has been detected by the Java Runtime Environment:
#
#  SIGSEGV (0xb) at pc=0x00007fff91b73732, pid=1756, tid=6403
#
# JRE version: Java(TM) SE Runtime Environment (8.0_05-b13) (build 1.8.0_05-b13)
# Java VM: Java HotSpot(TM) 64-Bit Server VM (25.5-b02 mixed mode bsd-amd64 compressed oops)
# Problematic frame:
# C  [libsystem_c.dylib+0x1732]  strlen+0x12
#
# Failed to write core dump. Core dumps have been disabled. To enable core dumping, try "ulimit -c unlimited" before starting Java again
#
# If you would like to submit a bug report, please visit:
#   http://bugreport.sun.com/bugreport/crash.jsp
#

---------------  T H R E A D  ---------------

Current thread (0x00007fb80400a000):  JavaThread "main" [_thread_in_vm, id=6403, stack(0x000000010aec1000,0x000000010afc1000)]

siginfo:si_signo=SIGSEGV: si_errno=0, si_code=1 (SEGV_MAPERR), si_addr=0x0000000100000000

Registers:
RAX=0x00000000ffffffff, RBX=0x000000010afc0122, RCX=0x0000000100000000, RDX=0x0000000100000000
RSP=0x000000010afbf5a0, RBP=0x000000010afbf5a0, RSI=0x00007fff91bf68d0, RDI=0x0000000100000000
R8 =0x000000010afbf548, R9 =0x00007fff91bf68d0, R10=0x00007fff91bbb2a8, R11=0x0000000000000000
R12=0x00007fff91bf68d0, R13=0x0000000000000073, R14=0x0000000000000000, R15=0x000000010afbfe08
RIP=0x00007fff91b73732, EFLAGS=0x0000000000010206, ERR=0x0000000000000004
  TRAPNO=0x000000000000000e

Top of Stack: (sp=0x000000010afbf5a0)
0x000000010afbf5a0:   000000010afbf9d0 00007fff91bbadcb
0x000000010afbf5b0:   000000010a851800 0000000024205f30
0x000000010afbf5c0:   0000000000000004 00000000242a5970
0x000000010afbf5d0:   ffffffff242d29c8 0000000024205ef0
0x000000010afbf5e0:   000000010a851800 0000000000000000
0x000000010afbf5f0:   0000000000000000 0000000124205f50
0x000000010afbf600:   000000010afbfa00 000000010afbf618
0x000000010afbf610:   000000010afbfbb0 0000000124205e50
0x000000010afbf620:   000000002424be48 0000000024193cc0
0x000000010afbf630:   0000000000000001 0000000000000001
0x000000010afbf640:   000000010afc011e 0000000000000001
0x000000010afbf650:   00007fff91bf84b9 0000000000000000
0x000000010afbf660:   000000010afbf6c0 0000000000000001
0x000000010afbf670:   0000000000000000 0000000000000001
0x000000010afbf680:   0000000e00000001 0000000000000001
0x000000010afbf690:   0000000000000001 000000010a58625b
0x000000010afbf6a0:   000000010afc0110 000000010afbfe08
0x000000010afbf6b0:   000000010000000e 0000000000000006
0x000000010afbf6c0:   0000000100000005 00007fff91bba5f9
0x000000010afbf6d0:   0000000100000000 ffffffffffffffff
0x000000010afbf6e0:   0000000100000000 0000000000000000
0x000000010afbf6f0:   00007fff7c756940 0000206024190ef8
0x000000010afbf700:   0000003000000030 000000010afbfe48
0x000000010afbf710:   000000010afbfd50 00000028241fa010
0x000000010afbf720:   0000000100000000 0000000000000000
0x000000010afbf730:   000000010afbf8d8 00000000242527d8
0x000000010afbf740:   000000007f602436 00000000fffffff5
0x000000010afbf750:   000000000a58624b 0000000000000001
0x000000010afbf760:   0000000191bf68d0 0000000000000001
0x000000010afbf770:   0000000100000000 0000000000000000
0x000000010afbf780:   00000007c0002368 0000000000000001
0x000000010afbf790:   00007fb80350aa80 0000000000000001 

Instructions: (pc=0x00007fff91b73732)
0x00007fff91b73712:   0e 01 f3 0f 7f 44 0f 01 5d c3 90 90 90 90 55 48
0x00007fff91b73722:   89 e5 48 89 f9 48 89 fa 48 83 e7 f0 66 0f ef c0
0x00007fff91b73732:   66 0f 74 07 66 0f d7 f0 48 83 e1 0f 48 83 c8 ff
0x00007fff91b73742:   48 d3 e0 21 c6 74 17 0f bc c6 48 29 d7 48 01 f8 

Register to memory mapping:

RAX=0x00000000ffffffff is an unknown value
RBX=0x000000010afc0122 is pointing into the stack for thread: 0x00007fb80400a000
RCX=0x0000000100000000 is an unknown value
RDX=0x0000000100000000 is an unknown value
RSP=0x000000010afbf5a0 is pointing into the stack for thread: 0x00007fb80400a000
RBP=0x000000010afbf5a0 is pointing into the stack for thread: 0x00007fb80400a000
RSI=0x00007fff91bf68d0: __vfprintf.xdigs_upper+0 in /usr/lib/system/libsystem_c.dylib at 0x00007fff91b72000
RDI=0x0000000100000000 is an unknown value
R8 =0x000000010afbf548 is pointing into the stack for thread: 0x00007fb80400a000
R9 =0x00007fff91bf68d0: __vfprintf.xdigs_upper+0 in /usr/lib/system/libsystem_c.dylib at 0x00007fff91b72000
R10=0x00007fff91bbb2a8: __vfprintf+0x4705 in /usr/lib/system/libsystem_c.dylib at 0x00007fff91b72000
R11=0x0000000000000000 is an unknown value
R12=0x00007fff91bf68d0: __vfprintf.xdigs_upper+0 in /usr/lib/system/libsystem_c.dylib at 0x00007fff91b72000
R13=0x0000000000000073 is an unknown value
R14=0x0000000000000000 is an unknown value
R15=0x000000010afbfe08 is pointing into the stack for thread: 0x00007fb80400a000


Stack: [0x000000010aec1000,0x000000010afc1000],  sp=0x000000010afbf5a0,  free space=1017k
Native frames: (J=compiled Java code, j=interpreted, Vv=VM code, C=native code)
C  [libsystem_c.dylib+0x1732]  strlen+0x12
C  [libsystem_c.dylib+0x48dcb]  __vfprintf+0x4228
C  [libsystem_c.dylib+0x6d2db]  __v2printf+0x1d7
C  [libsystem_c.dylib+0x52f67]  _vsnprintf+0x26f
C  [libsystem_c.dylib+0x5301c]  vsnprintf+0x50
V  [libjvm.dylib+0x1dd43f]  StringEventLog::logv(Thread*, char const*, __va_list_tag*)+0xc7
V  [libjvm.dylib+0x1dd4f1]  Events::log(Thread*, char const*, ...)+0x97
V  [libjvm.dylib+0x226917]  EventMark::EventMark(char const*, ...)+0xad
V  [libjvm.dylib+0x17bbe1]  ClassLoader::load_classfile(Symbol*, Thread*)+0x65
V  [libjvm.dylib+0x4f0113]  SystemDictionary::load_instance_class(Symbol*, Handle, Thread*)+0xfb
V  [libjvm.dylib+0x4ef9eb]  SystemDictionary::resolve_instance_class_or_null(Symbol*, Handle, Handle, Thread*)+0x48f
V  [libjvm.dylib+0x4f0514]  SystemDictionary::resolve_or_null(Symbol*, Handle, Handle, Thread*)+0x106
V  [libjvm.dylib+0x31c8ae]  JVM_FindClassFromBootLoader+0x74
C  [libjava.dylib+0x1f75]  Java_java_lang_ClassLoader_findBootstrapClass+0xb5
j  java.lang.ClassLoader.findBootstrapClass(Ljava/lang/String;)Ljava/lang/Class;+0
j  java.lang.ClassLoader.findBootstrapClassOrNull(Ljava/lang/String;)Ljava/lang/Class;+12
j  java.lang.ClassLoader.loadClass(Ljava/lang/String;Z)Ljava/lang/Class;+48
j  java.lang.ClassLoader.loadClass(Ljava/lang/String;Z)Ljava/lang/Class;+38
j  sun.misc.Launcher$AppClassLoader.loadClass(Ljava/lang/String;Z)Ljava/lang/Class;+36
j  java.lang.ClassLoader.loadClass(Ljava/lang/String;)Ljava/lang/Class;+3
j  sun.launcher.LauncherHelper.checkAndLoadMain(ZILjava/lang/String;)Ljava/lang/Class;+93
v  ~StubRoutines::call_stub
V  [libjvm.dylib+0x2c5186]  JavaCalls::call_helper(JavaValue*, methodHandle*, JavaCallArguments*, Thread*)+0x6ae
V  [libjvm.dylib+0x2f9c4a]  jni_invoke_static(JNIEnv_*, JavaValue*, _jobject*, JNICallType, _jmethodID*, JNI_ArgumentPusher*, Thread*)+0x1bf
V  [libjvm.dylib+0x2f0872]  jni_CallStaticObjectMethod+0x15d
C  [java+0x2ae6]  JavaMain+0x7f5
C  [libsystem_pthread.dylib+0x1899]  _pthread_body+0x8a
C  [libsystem_pthread.dylib+0x172a]  _pthread_struct_init+0x0
C  [libsystem_pthread.dylib+0x5fc9]  thread_start+0xd

Java frames: (J=compiled Java code, j=interpreted, Vv=VM code)
j  java.lang.ClassLoader.findBootstrapClass(Ljava/lang/String;)Ljava/lang/Class;+0
j  java.lang.ClassLoader.findBootstrapClassOrNull(Ljava/lang/String;)Ljava/lang/Class;+12
j  java.lang.ClassLoader.loadClass(Ljava/lang/String;Z)Ljava/lang/Class;+48
j  java.lang.ClassLoader.loadClass(Ljava/lang/String;Z)Ljava/lang/Class;+38
j  sun.misc.Launcher$AppClassLoader.loadClass(Ljava/lang/String;Z)Ljava/lang/Class;+36
j  java.lang.ClassLoader.loadClass(Ljava/lang/String;)Ljava/lang/Class;+3
j  sun.launcher.LauncherHelper.checkAndLoadMain(ZILjava/lang/String;)Ljava/lang/Class;+93
v  ~StubRoutines::call_stub

---------------  P R O C E S S  ---------------

Java Threads: ( => current thread )
  0x00007fb805802000 JavaThread "Service Thread" daemon [_thread_blocked, id=22275, stack(0x000000012718d000,0x000000012728d000)]
  0x00007fb80607b000 JavaThread "C1 CompilerThread3" daemon [_thread_blocked, id=21763, stack(0x000000012708a000,0x000000012718a000)]
  0x00007fb80607a800 JavaThread "C2 CompilerThread2" daemon [_thread_blocked, id=21251, stack(0x0000000126f87000,0x0000000127087000)]
  0x00007fb80606f800 JavaThread "C2 CompilerThread1" daemon [_thread_blocked, id=20739, stack(0x0000000126e84000,0x0000000126f84000)]
  0x00007fb80606e000 JavaThread "C2 CompilerThread0" daemon [_thread_blocked, id=20227, stack(0x0000000126d81000,0x0000000126e81000)]
  0x00007fb806079000 JavaThread "Signal Dispatcher" daemon [_thread_blocked, id=19715, stack(0x0000000126c7e000,0x0000000126d7e000)]
  0x00007fb806055800 JavaThread "Finalizer" daemon [_thread_blocked, id=14595, stack(0x0000000126a44000,0x0000000126b44000)]
  0x00007fb806054800 JavaThread "Reference Handler" daemon [_thread_blocked, id=14083, stack(0x0000000126941000,0x0000000126a41000)]
=>0x00007fb80400a000 JavaThread "main" [_thread_in_vm, id=6403, stack(0x000000010aec1000,0x000000010afc1000)]

Other Threads:
  0x00007fb806050000 VMThread [stack: 0x000000012683e000,0x000000012693e000] [id=13571]
  0x00007fb805800800 WatcherThread [stack: 0x0000000127290000,0x0000000127390000] [id=22787]

VM state:not at safepoint (normal execution)

VM Mutex/Monitor currently owned by a thread: None

Heap:
 PSYoungGen      total 1024K, used 398K [0x000000076ab00000, 0x000000076ac80000, 0x00000007c0000000)
  eden space 512K, 77% used [0x000000076ab00000,0x000000076ab63ac8,0x000000076ab80000)
  from space 512K, 0% used [0x000000076ac00000,0x000000076ac00000,0x000000076ac80000)
  to   space 512K, 0% used [0x000000076ab80000,0x000000076ab80000,0x000000076ac00000)
 ParOldGen       total 260608K, used 0K [0x00000006c0000000, 0x00000006cfe80000, 0x000000076ab00000)
  object space 260608K, 0% used [0x00000006c0000000,0x00000006c0000000,0x00000006cfe80000)
 Metaspace       used 2158K, capacity 4480K, committed 4480K, reserved 1056768K
  class space    used 235K, capacity 384K, committed 384K, reserved 1048576K

Card table byte_map: [0x000000011a383000,0x000000011ab84000] byte_map_base: 0x0000000116d83000

Marking Bits: (ParMarkBitMap*) 0x000000010a8660a0
 Begin Bits: [0x000000011b8f2000, 0x000000011f8f2000)
 End Bits:   [0x000000011f8f2000, 0x00000001238f2000)

Polling page: 0x0000000108f85000

CodeCache: size=245760Kb used=1056Kb max_used=1066Kb free=244703Kb
 bounds [0x000000010afc3000, 0x000000010b233000, 0x0000000119fc3000]
 total_blobs=219 nmethods=4 adapters=132
 compilation: enabled

Compilation events (5 events):
Event: 0.052 Thread 0x00007fb80607b000    1       3       java.lang.String::hashCode (55 bytes)
Event: 0.053 Thread 0x00007fb80607b000 nmethod 1 0x000000010b0c1a90 code [0x000000010b0c1c00, 0x000000010b0c1e90]
Event: 0.053 Thread 0x00007fb80607b000    2       3       java.lang.String::charAt (29 bytes)
Event: 0.053 Thread 0x00007fb80607b000 nmethod 2 0x000000010b0c10d0 code [0x000000010b0c1240, 0x000000010b0c14a8]
Event: 0.053 Thread 0x00007fb80607b000    3       3       java.lang.Object::<init> (1 bytes)

GC Heap History (0 events):
No events

Deoptimization events (0 events):
No events

Internal exceptions (2 events):
Event: 0.028 Thread 0x00007fb80400a000 Exception <a 'java/lang/NoSuchMethodError': Method sun.misc.Unsafe.defineClass(Ljava/lang/String;[BII)Ljava/lang/Class; name or signature does not match> (0x000000076ab14a80) thrown at [/HUDSON/workspace/8-2-build-macosx-x86_64/jdk8u5/2488/hotspot/src/sha
Event: 0.028 Thread 0x00007fb80400a000 Exception <a 'java/lang/NoSuchMethodError': Method sun.misc.Unsafe.prefetchRead(Ljava/lang/Object;J)V name or signature does not match> (0x000000076ab14d10) thrown at [/HUDSON/workspace/8-2-build-macosx-x86_64/jdk8u5/2488/hotspot/src/share/vm/prims/jni.cp

